#
# There is insufficient memory for the Java Runtime Environment to continue.
# Native memory allocation (malloc) failed to allocate 78272 bytes for Chunk::new
# Possible reasons:
#   The system is out of physical RAM or swap space
#   In 32 bit mode, the process size limit was hit
# Possible solutions:
#   Reduce memory load on the system
#   Increase physical memory or swap space
#   Check if swap backing store is full
#   Use 64 bit Java on a 64 bit OS
#   Decrease Java heap size (-Xmx/-Xms)
#   Decrease number of Java threads
#   Decrease Java thread stack sizes (-Xss)
#   Set larger code cache with -XX:ReservedCodeCacheSize=
# This output file may be truncated or incomplete.
#
#  Out of Memory Error (allocation.cpp:390), pid=10208, tid=0x0000000000000d30
#
# JRE version: Java(TM) SE Runtime Environment (8.0_102-b14) (build 1.8.0_102-b14)
# Java VM: Java HotSpot(TM) 64-Bit Server VM (25.102-b14 mixed mode windows-amd64 compressed oops)
# Failed to write core dump. Minidumps are not enabled by default on client versions of Windows
#

---------------  T H R E A D  ---------------

Current thread (0x000000001d1f5000):  JavaThread "C2 CompilerThread1" daemon [_thread_in_native, id=3376, stack(0x000000001d630000,0x000000001d730000)]

Stack: [0x000000001d630000,0x000000001d730000]
[error occurred during error reporting (printing stack bounds), id 0xc0000005]

Native frames: (J=compiled Java code, j=interpreted, Vv=VM code, C=native code)


Current CompileTask:
C2:   2662 1405       4       java.net.URLClassLoader$1::run (5 bytes)


---------------  P R O C E S S  ---------------

Java Threads: ( => current thread )
  0x000000001d25d800 JavaThread "Service Thread" daemon [_thread_blocked, id=11156, stack(0x000000001dd10000,0x000000001de10000)]
  0x000000001d1f6800 JavaThread "C1 CompilerThread2" daemon [_thread_blocked, id=8816, stack(0x000000001da20000,0x000000001db20000)]
=>0x000000001d1f5000 JavaThread "C2 CompilerThread1" daemon [_thread_in_native, id=3376, stack(0x000000001d630000,0x000000001d730000)]
  0x000000001bd67800 JavaThread "C2 CompilerThread0" daemon [_thread_in_native, id=10372, stack(0x000000001d8d0000,0x000000001d9d0000)]
  0x000000001bd66000 JavaThread "Attach Listener" daemon [_thread_blocked, id=7488, stack(0x000000001d780000,0x000000001d880000)]
  0x000000001bd65000 JavaThread "Signal Dispatcher" daemon [_thread_blocked, id=8756, stack(0x000000001cf90000,0x000000001d090000)]
  0x000000001bd4a800 JavaThread "Finalizer" daemon [_thread_blocked, id=9936, stack(0x000000001d0f0000,0x000000001d1f0000)]
  0x000000001bd03800 JavaThread "Reference Handler" daemon [_thread_blocked, id=11092, stack(0x000000001ce50000,0x000000001cf50000)]
  0x0000000001da8000 JavaThread "main" [_thread_in_native, id=7596, stack(0x0000000002240000,0x0000000002340000)]

Other Threads:
  0x000000001bcfc000 VMThread [stack: 0x000000001cd10000,0x000000001ce10000] [id=9764]
  0x000000001d277000 WatcherThread [stack: 0x000000001dec0000,0x000000001dfc0000] [id=9296]

VM state:not at safepoint (normal execution)

VM Mutex/Monitor currently owned by a thread: None

Heap:
 PSYoungGen      total 75264K, used 29637K [0x000000076c500000, 0x0000000773480000, 0x00000007c0000000)
  eden space 64512K, 31% used [0x000000076c500000,0x000000076d8c4f50,0x0000000770400000)
  from space 10752K, 87% used [0x0000000770e80000,0x00000007717ac510,0x0000000771900000)
  to   space 10752K, 0% used [0x0000000770400000,0x0000000770400000,0x0000000770e80000)
 ParOldGen       total 92160K, used 340K [0x00000006c4e00000, 0x00000006ca800000, 0x000000076c500000)
  object space 92160K, 0% used [0x00000006c4e00000,0x00000006c4e553e8,0x00000006ca800000)
 Metaspace       used 13286K, capacity 13464K, committed 13568K, reserved 1064960K
  class space    used 1658K, capacity 1745K, committed 1792K, reserved 1048576K

Card table byte_map: [0x00000000119d0000,0x00000000121b0000] byte_map_base: 0x000000000e3a9000

Marking Bits: (ParMarkBitMap*) 0x000000006601a6c0
 Begin Bits: [0x0000000012e00000, 0x0000000016cc8000)
 End Bits:   [0x0000000016cc8000, 0x000000001ab90000)

Polling page: 0x0000000000140000

CodeCache: size=245760Kb used=5066Kb max_used=5077Kb free=240694Kb
 bounds [0x0000000002610000, 0x0000000002b10000, 0x0000000011610000]
 total_blobs=1830 nmethods=1498 adapters=244
 compilation: enabled

Compilation events (10 events):
Event: 2.547 Thread 0x000000001d1f6800 nmethod 1494 0x0000000002b05950 code [0x0000000002b05aa0, 0x0000000002b05bb0]
Event: 2.548 Thread 0x000000001bd67800 1495   !   4       java.util.WeakHashMap::expungeStaleEntries (139 bytes)
Event: 2.548 Thread 0x000000001d1f6800 1496       3       java.util.Hashtable$Enumerator::nextElement (111 bytes)
Event: 2.548 Thread 0x000000001d1f6800 nmethod 1496 0x0000000002b05110 code [0x0000000002b052a0, 0x0000000002b05748]
Event: 2.548 Thread 0x000000001d1f6800 1497       3       java.util.Hashtable$Enumerator::hasNext (5 bytes)
Event: 2.548 Thread 0x000000001d1f6800 nmethod 1497 0x0000000002b04d50 code [0x0000000002b04ec0, 0x0000000002b05068]
Event: 2.548 Thread 0x000000001d1f6800 1498       3       java.util.Hashtable$Enumerator::next (27 bytes)
Event: 2.549 Thread 0x000000001d1f6800 nmethod 1498 0x0000000002b047d0 code [0x0000000002b04960, 0x0000000002b04c18]
Event: 2.554 Thread 0x000000001bd67800 nmethod 1495 0x0000000002b03910 code [0x0000000002b03a80, 0x0000000002b043b8]
Event: 2.575 Thread 0x000000001bd67800 1499       4       sun.nio.cs.UTF_8$Decoder::decode (779 bytes)

GC Heap History (6 events):
Event: 0.174 GC heap before
{Heap before GC invocations=1 (full 0):
 PSYoungGen      total 75264K, used 2580K [0x000000076c500000, 0x0000000771900000, 0x00000007c0000000)
  eden space 64512K, 4% used [0x000000076c500000,0x000000076c785208,0x0000000770400000)
  from space 10752K, 0% used [0x0000000770e80000,0x0000000770e80000,0x0000000771900000)
  to   space 10752K, 0% used [0x0000000770400000,0x0000000770400000,0x0000000770e80000)
 ParOldGen       total 172032K, used 0K [0x00000006c4e00000, 0x00000006cf600000, 0x000000076c500000)
  object space 172032K, 0% used [0x00000006c4e00000,0x00000006c4e00000,0x00000006cf600000)
 Metaspace       used 2792K, capacity 4482K, committed 4608K, reserved 1062912K
  class space    used 302K, capacity 386K, committed 512K, reserved 1048576K
Event: 0.178 GC heap after
Heap after GC invocations=1 (full 0):
 PSYoungGen      total 75264K, used 384K [0x000000076c500000, 0x0000000771900000, 0x00000007c0000000)
  eden space 64512K, 0% used [0x000000076c500000,0x000000076c500000,0x0000000770400000)
  from space 10752K, 3% used [0x0000000770400000,0x0000000770460020,0x0000000770e80000)
  to   space 10752K, 0% used [0x0000000770e80000,0x0000000770e80000,0x0000000771900000)
 ParOldGen       total 172032K, used 0K [0x00000006c4e00000, 0x00000006cf600000, 0x000000076c500000)
  object space 172032K, 0% used [0x00000006c4e00000,0x00000006c4e00000,0x00000006cf600000)
 Metaspace       used 2792K, capacity 4482K, committed 4608K, reserved 1062912K
  class space    used 302K, capacity 386K, committed 512K, reserved 1048576K
}
Event: 0.178 GC heap before
{Heap before GC invocations=2 (full 1):
 PSYoungGen      total 75264K, used 384K [0x000000076c500000, 0x0000000771900000, 0x00000007c0000000)
  eden space 64512K, 0% used [0x000000076c500000,0x000000076c500000,0x0000000770400000)
  from space 10752K, 3% used [0x0000000770400000,0x0000000770460020,0x0000000770e80000)
  to   space 10752K, 0% used [0x0000000770e80000,0x0000000770e80000,0x0000000771900000)
 ParOldGen       total 172032K, used 0K [0x00000006c4e00000, 0x00000006cf600000, 0x000000076c500000)
  object space 172032K, 0% used [0x00000006c4e00000,0x00000006c4e00000,0x00000006cf600000)
 Metaspace       used 2792K, capacity 4482K, committed 4608K, reserved 1062912K
  class space    used 302K, capacity 386K, committed 512K, reserved 1048576K
Event: 0.181 GC heap after
Heap after GC invocations=2 (full 1):
 PSYoungGen      total 75264K, used 0K [0x000000076c500000, 0x0000000771900000, 0x00000007c0000000)
  eden space 64512K, 0% used [0x000000076c500000,0x000000076c500000,0x0000000770400000)
  from space 10752K, 0% used [0x0000000770400000,0x0000000770400000,0x0000000770e80000)
  to   space 10752K, 0% used [0x0000000770e80000,0x0000000770e80000,0x0000000771900000)
 ParOldGen       total 92160K, used 332K [0x00000006c4e00000, 0x00000006ca800000, 0x000000076c500000)
  object space 92160K, 0% used [0x00000006c4e00000,0x00000006c4e533e8,0x00000006ca800000)
 Metaspace       used 2792K, capacity 4482K, committed 4608K, reserved 1058816K
  class space    used 302K, capacity 386K, committed 512K, reserved 1048576K
}
Event: 2.097 GC heap before
{Heap before GC invocations=3 (full 1):
 PSYoungGen      total 75264K, used 64512K [0x000000076c500000, 0x0000000771900000, 0x00000007c0000000)
  eden space 64512K, 100% used [0x000000076c500000,0x0000000770400000,0x0000000770400000)
  from space 10752K, 0% used [0x0000000770400000,0x0000000770400000,0x0000000770e80000)
  to   space 10752K, 0% used [0x0000000770e80000,0x0000000770e80000,0x0000000771900000)
 ParOldGen       total 92160K, used 332K [0x00000006c4e00000, 0x00000006ca800000, 0x000000076c500000)
  object space 92160K, 0% used [0x00000006c4e00000,0x00000006c4e533e8,0x00000006ca800000)
 Metaspace       used 11222K, capacity 11404K, committed 11520K, reserved 1062912K
  class space    used 1384K, capacity 1477K, committed 1536K, reserved 1048576K
Event: 2.104 GC heap after
Heap after GC invocations=3 (full 1):
 PSYoungGen      total 75264K, used 9393K [0x000000076c500000, 0x0000000773480000, 0x00000007c0000000)
  eden space 64512K, 0% used [0x000000076c500000,0x000000076c500000,0x0000000770400000)
  from space 10752K, 87% used [0x0000000770e80000,0x00000007717ac510,0x0000000771900000)
  to   space 10752K, 0% used [0x0000000770400000,0x0000000770400000,0x0000000770e80000)
 ParOldGen       total 92160K, used 340K [0x00000006c4e00000, 0x00000006ca800000, 0x000000076c500000)
  object space 92160K, 0% used [0x00000006c4e00000,0x00000006c4e553e8,0x00000006ca800000)
 Metaspace       used 11222K, capacity 11404K, committed 11520K, reserved 1062912K
  class space    used 1384K, capacity 1477K, committed 1536K, reserved 1048576K
}

Deoptimization events (7 events):
Event: 1.011 Thread 0x0000000001da8000 Uncommon trap: reason=unstable_if action=reinterpret pc=0x0000000002783b00 method=java.lang.String.indexOf([CII[CIII)I @ 3
Event: 1.134 Thread 0x0000000001da8000 Uncommon trap: reason=unstable_if action=reinterpret pc=0x00000000028581c4 method=java.util.HashMap.getNode(ILjava/lang/Object;)Ljava/util/HashMap$Node; @ 129
Event: 1.213 Thread 0x0000000001da8000 Uncommon trap: reason=unstable_if action=reinterpret pc=0x00000000027cf428 method=org.codehaus.plexus.util.xml.pull.MXParser.more()C @ 8
Event: 1.330 Thread 0x0000000001da8000 Uncommon trap: reason=unstable_if action=reinterpret pc=0x00000000028ac018 method=org.codehaus.plexus.util.xml.pull.MXParser.nextImpl()I @ 241
Event: 1.387 Thread 0x0000000001da8000 Uncommon trap: reason=unstable_if action=reinterpret pc=0x000000000285e35c method=java.util.HashMap.getNode(ILjava/lang/Object;)Ljava/util/HashMap$Node; @ 129
Event: 1.392 Thread 0x0000000001da8000 Uncommon trap: reason=range_check action=make_not_entrant pc=0x0000000002911028 method=sun.reflect.generics.parser.SignatureParser.current()C @ 34
Event: 2.540 Thread 0x0000000001da8000 Uncommon trap: reason=null_check action=make_not_entrant pc=0x00000000027f5894 method=java.lang.String.equals(Ljava/lang/Object;)Z @ 8

Internal exceptions (10 events):
Event: 1.128 Thread 0x0000000001da8000 Exception <a 'java/lang/ArrayIndexOutOfBoundsException'> (0x000000076d89d6b0) thrown at [C:\re\workspace\8-2-build-windows-amd64-cygwin\jdk8u102\7268\hotspot\src\share\vm\runtime\sharedRuntime.cpp, line 605]
Event: 1.132 Thread 0x0000000001da8000 Exception <a 'java/lang/ArrayIndexOutOfBoundsException'> (0x000000076d8e1680) thrown at [C:\re\workspace\8-2-build-windows-amd64-cygwin\jdk8u102\7268\hotspot\src\share\vm\runtime\sharedRuntime.cpp, line 605]
Event: 1.338 Thread 0x0000000001da8000 Exception <a 'java/lang/ArrayIndexOutOfBoundsException'> (0x000000076e50ad28) thrown at [C:\re\workspace\8-2-build-windows-amd64-cygwin\jdk8u102\7268\hotspot\src\share\vm\runtime\sharedRuntime.cpp, line 605]
Event: 1.339 Thread 0x0000000001da8000 Exception <a 'java/lang/ArrayIndexOutOfBoundsException'> (0x000000076e50c8b8) thrown at [C:\re\workspace\8-2-build-windows-amd64-cygwin\jdk8u102\7268\hotspot\src\share\vm\runtime\sharedRuntime.cpp, line 605]
Event: 1.378 Thread 0x0000000001da8000 Exception <a 'java/lang/ArrayIndexOutOfBoundsException'> (0x000000076e7a93f0) thrown at [C:\re\workspace\8-2-build-windows-amd64-cygwin\jdk8u102\7268\hotspot\src\share\vm\runtime\sharedRuntime.cpp, line 605]
Event: 1.393 Thread 0x0000000001da8000 Exception <a 'java/lang/ArrayIndexOutOfBoundsException': 66> (0x000000076e8bb200) thrown at [C:\re\workspace\8-2-build-windows-amd64-cygwin\jdk8u102\7268\hotspot\src\share\vm\interpreter\interpreterRuntime.cpp, line 366]
Event: 2.405 Thread 0x0000000001da8000 Exception <a 'java/lang/NoClassDefFoundError': com/google/inject/servlet/ServletModuleTargetVisitor> (0x000000076d0d9d90) thrown at [C:\re\workspace\8-2-build-windows-amd64-cygwin\jdk8u102\7268\hotspot\src\share\vm\classfile\systemDictionary.cpp, line 199]£>@
Event: 2.405 Thread 0x0000000001da8000 Exception <a 'java/lang/NoClassDefFoundError'> (0x000000076d0d9d90) thrown at [C:\re\workspace\8-2-build-windows-amd64-cygwin\jdk8u102\7268\hotspot\src\share\vm\prims\jvm.cpp, line 1390]
Event: 2.405 Thread 0x0000000001da8000 Exception <a 'java/lang/NoClassDefFoundError': javax/annotation/Priority> (0x000000076d0def18) thrown at [C:\re\workspace\8-2-build-windows-amd64-cygwin\jdk8u102\7268\hotspot\src\share\vm\classfile\systemDictionary.cpp, line 199]
Event: 2.540 Thread 0x0000000001da8000 Implicit null exception at 0x00000000027f569b to 0x00000000027f5885

Events (10 events):
Event: 2.573 loading class org/apache/maven/settings/io/xpp3/SettingsXpp3Reader
Event: 2.573 loading class org/apache/maven/settings/io/xpp3/SettingsXpp3Reader done
Event: 2.574 loading class org/apache/maven/settings/io/xpp3/SettingsXpp3Reader$ContentTransformer
Event: 2.574 loading class org/apache/maven/settings/io/xpp3/SettingsXpp3Reader$ContentTransformer done
Event: 2.575 loading class org/apache/maven/settings/io/xpp3/SettingsXpp3Reader$1
Event: 2.575 loading class org/apache/maven/settings/io/xpp3/SettingsXpp3Reader$1 done
Event: 2.575 Thread 0x0000000001da8000 DEOPT PACKING pc=0x000000000276bb4a sp=0x000000000233db20
Event: 2.575 Thread 0x0000000001da8000 DEOPT UNPACKING pc=0x000000000265787f sp=0x000000000233d9a0 mode 0
Event: 2.575 loading class org/codehaus/plexus/util/xml/pull/EntityReplacementMap
Event: 2.575 loading class org/codehaus/plexus/util/xml/pull/EntityReplacementMap done


Dynamic libraries:
0x000000013f040000 - 0x000000013f077000 	C:\Program Files\Java\jdk1.8.0_102\bin\java.exe
0x00000000775c0000 - 0x000000007775f000 	C:\Windows\SYSTEM32\ntdll.dll
0x00000000773a0000 - 0x00000000774bf000 	C:\Windows\system32\kernel32.dll
0x000007fefd180000 - 0x000007fefd1ea000 	C:\Windows\system32\KERNELBASE.dll
0x0000000074e00000 - 0x0000000074e89000 	C:\Windows\System32\SYSFER.DLL
0x000007feff620000 - 0x000007feff6fb000 	C:\Windows\system32\ADVAPI32.dll
0x000007feff1a0000 - 0x000007feff23f000 	C:\Windows\system32\msvcrt.dll
0x000007feff890000 - 0x000007feff8af000 	C:\Windows\SYSTEM32\sechost.dll
0x000007fefef00000 - 0x000007feff02d000 	C:\Windows\system32\RPCRT4.dll
0x00000000774c0000 - 0x00000000775ba000 	C:\Windows\system32\USER32.dll
0x000007feff3a0000 - 0x000007feff407000 	C:\Windows\system32\GDI32.dll
0x000007feff610000 - 0x000007feff61e000 	C:\Windows\system32\LPK.dll
0x000007feff030000 - 0x000007feff0fb000 	C:\Windows\system32\USP10.dll
0x000007fefbad0000 - 0x000007fefbcc4000 	C:\Windows\WinSxS\amd64_microsoft.windows.common-controls_6595b64144ccf1df_6.0.7601.18837_none_fa3b1e3d17594757\COMCTL32.dll
0x000007fefe910000 - 0x000007fefe981000 	C:\Windows\system32\SHLWAPI.dll
0x000007feff2a0000 - 0x000007feff2ce000 	C:\Windows\system32\IMM32.DLL
0x000007fefea30000 - 0x000007fefeb39000 	C:\Windows\system32\MSCTF.dll
0x000000006dde0000 - 0x000000006deb1000 	C:\Program Files\Java\jdk1.8.0_102\jre\bin\msvcr100.dll
0x0000000065800000 - 0x000000006609a000 	C:\Program Files\Java\jdk1.8.0_102\jre\bin\server\jvm.dll
0x000007fef7a40000 - 0x000007fef7a49000 	C:\Windows\system32\WSOCK32.dll
0x000007feff350000 - 0x000007feff39d000 	C:\Windows\system32\WS2_32.dll
0x000007fefeb40000 - 0x000007fefeb48000 	C:\Windows\system32\NSI.dll
0x000007fefb200000 - 0x000007fefb23b000 	C:\Windows\system32\WINMM.dll
0x000007fefc190000 - 0x000007fefc19c000 	C:\Windows\system32\VERSION.dll
0x0000000077770000 - 0x0000000077777000 	C:\Windows\system32\PSAPI.DLL
0x0000000070d10000 - 0x0000000070d1f000 	C:\Program Files\Java\jdk1.8.0_102\jre\bin\verify.dll
0x0000000070c90000 - 0x0000000070cb9000 	C:\Program Files\Java\jdk1.8.0_102\jre\bin\java.dll
0x0000000070bd0000 - 0x0000000070be6000 	C:\Program Files\Java\jdk1.8.0_102\jre\bin\zip.dll
0x000007fefd4d0000 - 0x000007fefe25b000 	C:\Windows\system32\SHELL32.dll
0x000007fefe710000 - 0x000007fefe90f000 	C:\Windows\system32\ole32.dll
0x000007fefd120000 - 0x000007fefd12f000 	C:\Windows\system32\profapi.dll
0x000007feea760000 - 0x000007feea76a000 	D:\setups\apache-maven-3.6.0\lib\jansi-native\windows64\jansi.dll

VM Arguments:
jvm_args: -Dclassworlds.conf=D:\setups\apache-maven-3.6.0\bin\..\bin\m2.conf -Dmaven.home=D:\setups\apache-maven-3.6.0\bin\.. -Dlibrary.jansi.path=D:\setups\apache-maven-3.6.0\bin\..\lib\jansi-native -Dmaven.multiModuleProjectDirectory=C:\Users\manbhakr\Documents\GitHub\currency-conversion-micro-service 
java_command: org.codehaus.plexus.classworlds.launcher.Launcher -Dmaven.ext.class.path=D:\setups\netbeans\java\maven-nblib\netbeans-eventspy.jar -Dfile.encoding=UTF-8 clean install
java_class_path (initial): D:\setups\apache-maven-3.6.0\bin\..\boot\plexus-classworlds-2.5.2.jar
Launcher Type: SUN_STANDARD

Environment Variables:
JAVA_HOME=C:\Program Files\Java\jdk1.8.0_102
PATH=C:\Program Files (x86)\Common Files\Oracle\Java\javapath;C:\Program Files (x86)\Microsoft SDKs\Azure\CLI2\wbin;C:\Program Files\Common Files\Microsoft Shared\Windows Live;C:\Program Files (x86)\Common Files\Microsoft Shared\Windows Live;C:\ProgramData\Oracle\Java\javapath;C:\Windows\SYSTEM32;C:\Windows;C:\Windows\SYSTEM32\WBEM;C:\Windows\SYSTEM32\WINDOWSPOWERSHELL\V1.0\;c:\Program Files\Intel\WiFi\bin\;c:\Program Files\Common Files\Intel\WirelessCommon\;C:\Python27\;C:\Program Files (x86)\TortoiseSVN\bin;C:\Program Files (x86)\Windows Live\Shared;C:\Program Files\dotnet\;C:\Windows\System32\WindowsPowerShell\v1.0\;C:\Windows\System32\WindowsPowerShell\v1.0\;C:\Program Files\Microsoft SQL Server\130\Tools\Binn\;C:\Program Files\Microsoft\Web Platform Installer\;C:\Program Files\Microsoft Service Fabric\bin\Fabric\Fabric.Code;C:\Program Files\Microsoft SDKs\Service Fabric\Tools\ServiceFabricLocalClusterManager;C:\Program Files\Git\cmd;C:\Program Files (x86)\QuickTime\QTSystem\;C:\Program Files\Java\jre1.8.0_181\bin\server\;D:\setups\Continuum\anaconda3\Scripts\;D:\setups\Continuum\anaconda3\;C:\Windows\System32\WindowsPowerShell\v1.0\;C:\Program Files\Intel\WiFi\bin\;C:\Program Files\Common Files\Intel\WirelessCommon\;C:\Users\manbhakr\AppData\Local\Box\Box Edit\;C:\Users\manbhakr\AppData\Local\GitHubDesktop\bin
USERNAME=manbhakr
OS=Windows_NT
PROCESSOR_IDENTIFIER=Intel64 Family 6 Model 60 Stepping 3, GenuineIntel



---------------  S Y S T E M  ---------------

OS: Windows 7 , 64 bit Build 7601 (6.1.7601.24291)

CPU:total 4 (2 cores per cpu, 2 threads per core) family 6 model 60 stepping 3, cmov, cx8, fxsr, mmx, sse, sse2, sse3, ssse3, sse4.1, sse4.2, popcnt, avx, avx2, aes, clmul, erms, rtm, lzcnt, ht, tsc, tscinvbit, bmi1, bmi2

Memory: 4k page, physical 16457044k(5427544k free), swap 16455140k(4412k free)

vm_info: Java HotSpot(TM) 64-Bit Server VM (25.102-b14) for windows-amd64 JRE (1.8.0_102-b14), built on Jun 22 2016 13:15:21 by "java_re" with MS VC++ 10.0 (VS2010)

time: Mon Jan 28 17:43:19 2019
elapsed time: 2 seconds (0d 0h 0m 2s)

